\BOOKMARK [0][-]{chapter.1}{Introduction}{}% 1
\BOOKMARK [1][-]{section.1.1}{Overtone}{chapter.1}% 2
\BOOKMARK [1][-]{section.1.2}{SuperCollider}{chapter.1}% 3
\BOOKMARK [1][-]{section.1.3}{Overtone and SuperCollider collaboration}{chapter.1}% 4
\BOOKMARK [0][-]{chapter.2}{Entering the world of music?}{}% 5
\BOOKMARK [1][-]{section.2.1}{Different kind of servers}{chapter.2}% 6
\BOOKMARK [1][-]{section.2.2}{Getting connected to ScSynth}{chapter.2}% 7
\BOOKMARK [0][-]{chapter.3}{Entering the world of music!}{}% 8
\BOOKMARK [1][-]{section.3.1}{Noise generation}{chapter.3}% 9
\BOOKMARK [2][-]{subsection.3.1.1}{Amplitude modulation and behavior control}{section.3.1}% 10
\BOOKMARK [2][-]{subsection.3.1.2}{Chaining UGens}{section.3.1}% 11
\BOOKMARK [1][-]{section.3.2}{Notes and chords}{chapter.3}% 12
\BOOKMARK [1][-]{section.3.3}{Stringed Synthesizer aka Guitar}{chapter.3}% 13
\BOOKMARK [2][-]{subsection.3.3.1}{Creating a stringed synthesizer}{section.3.3}% 14
\BOOKMARK [2][-]{subsection.3.3.2}{Playing a note}{section.3.3}% 15
\BOOKMARK [2][-]{subsection.3.3.3}{Playing a chord}{section.3.3}% 16
\BOOKMARK [1][-]{section.3.4}{Metronomes}{chapter.3}% 17
\BOOKMARK [2][-]{subsection.3.4.1}{Working with metronomes}{section.3.4}% 18
\BOOKMARK [1][-]{section.3.5}{Slide guitar}{chapter.3}% 19
\BOOKMARK [0][-]{chapter.4}{Recording}{}% 20
\BOOKMARK [0][-]{chapter.5}{Conclusion}{}% 21
\BOOKMARK [0][-]{chapter.6}{Special Thanks}{}% 22
\BOOKMARK [0][-]{section*.2}{Glossary}{}% 23
